# JRE version: OpenJDK Runtime Environment Temurin-17.0.2+8 (17.0.2+8) (build 17.0.2+8)
# Java VM: OpenJDK 64-Bit Server VM Temurin-17.0.2+8 (17.0.2+8, mixed mode, tiered, compressed oops, compressed class ptrs, parallel gc, windows-amd64)
GC Precious Log:
 CPUs: 4 total, 4 available
 Memory: 16302M
 Large Page Support: Disabled
 NUMA Support: Disabled
 Compressed Oops: Enabled (32-bit)
 Alignments: Space 512K, Generation 512K, Heap 2M
 Heap Min Capacity: 100M
 Heap Initial Capacity: 100M
 Heap Max Capacity: 1G
 Pre-touch: Disabled
 Parallel Workers: 4
Heap:
 PSYoungGen      total 35328K, used 17186K [0x00000000eab00000, 0x00000000ef280000, 0x0000000100000000)
  eden space 34816K, 49% used [0x00000000eab00000,0x00000000ebbc88f0,0x00000000ecd00000)
  from space 512K, 0% used [0x00000000ed700000,0x00000000ed700000,0x00000000ed780000)
  to   space 16896K, 0% used [0x00000000ee200000,0x00000000ee200000,0x00000000ef280000)
 ParOldGen       total 293376K, used 215943K [0x00000000c0000000, 0x00000000d1e80000, 0x00000000eab00000)
  object space 293376K, 73% used [0x00000000c0000000,0x00000000cd2e1e40,0x00000000d1e80000)
 Metaspace       used 65841K, committed 66880K, reserved 1114112K
  class space    used 7040K, committed 7488K, reserved 1048576K
GC Heap History (20 events):
Event: 30.266 GC heap before
{Heap before GC invocations=166 (full 11):
 PSYoungGen      total 29696K, used 29587K [0x00000000eab00000, 0x00000000ed000000, 0x0000000100000000)
  eden space 23552K, 100% used [0x00000000eab00000,0x00000000ec200000,0x00000000ec200000)
  from space 6144K, 98% used [0x00000000eca00000,0x00000000ecfe4f30,0x00000000ed000000)
  to   space 7168K, 0% used [0x00000000ec200000,0x00000000ec200000,0x00000000ec900000)
 ParOldGen       total 326656K, used 302648K [0x00000000c0000000, 0x00000000d3f00000, 0x00000000eab00000)
  object space 326656K, 92% used [0x00000000c0000000,0x00000000d278e198,0x00000000d3f00000)
 Metaspace       used 65541K, committed 66496K, reserved 1114112K
  class space    used 7057K, committed 7488K, reserved 1048576K
}
Event: 30.274 GC heap after
{Heap after GC invocations=166 (full 11):
 PSYoungGen      total 30720K, used 7163K [0x00000000eab00000, 0x00000000ee000000, 0x0000000100000000)
  eden space 23552K, 0% used [0x00000000eab00000,0x00000000eab00000,0x00000000ec200000)
  from space 7168K, 99% used [0x00000000ec200000,0x00000000ec8fee10,0x00000000ec900000)
  to   space 14336K, 0% used [0x00000000ed200000,0x00000000ed200000,0x00000000ee000000)
 ParOldGen       total 326656K, used 308473K [0x00000000c0000000, 0x00000000d3f00000, 0x00000000eab00000)
  object space 326656K, 94% used [0x00000000c0000000,0x00000000d2d3e4a0,0x00000000d3f00000)
 Metaspace       used 65541K, committed 66496K, reserved 1114112K
  class space    used 7057K, committed 7488K, reserved 1048576K
}
Event: 30.315 GC heap before
{Heap before GC invocations=167 (full 11):
 PSYoungGen      total 30720K, used 30715K [0x00000000eab00000, 0x00000000ee000000, 0x0000000100000000)
  eden space 23552K, 100% used [0x00000000eab00000,0x00000000ec200000,0x00000000ec200000)
  from space 7168K, 99% used [0x00000000ec200000,0x00000000ec8fee10,0x00000000ec900000)
  to   space 14336K, 0% used [0x00000000ed200000,0x00000000ed200000,0x00000000ee000000)
 ParOldGen       total 326656K, used 308473K [0x00000000c0000000, 0x00000000d3f00000, 0x00000000eab00000)
  object space 326656K, 94% used [0x00000000c0000000,0x00000000d2d3e4a0,0x00000000d3f00000)
 Metaspace       used 65541K, committed 66496K, reserved 1114112K
  class space    used 7057K, committed 7488K, reserved 1048576K
}
Event: 30.323 GC heap after
{Heap after GC invocations=167 (full 11):
 PSYoungGen      total 34816K, used 9008K [0x00000000eab00000, 0x00000000edb00000, 0x0000000100000000)
  eden space 25600K, 0% used [0x00000000eab00000,0x00000000eab00000,0x00000000ec400000)
  from space 9216K, 97% used [0x00000000ed200000,0x00000000edacc380,0x00000000edb00000)
  to   space 10752K, 0% used [0x00000000ec600000,0x00000000ec600000,0x00000000ed080000)
 ParOldGen       total 326656K, used 315573K [0x00000000c0000000, 0x00000000d3f00000, 0x00000000eab00000)
  object space 326656K, 96% used [0x00000000c0000000,0x00000000d342d508,0x00000000d3f00000)
 Metaspace       used 65541K, committed 66496K, reserved 1114112K
  class space    used 7057K, committed 7488K, reserved 1048576K
}
Event: 30.375 GC heap before
{Heap before GC invocations=168 (full 11):
 PSYoungGen      total 34816K, used 34608K [0x00000000eab00000, 0x00000000edb00000, 0x0000000100000000)
  eden space 25600K, 100% used [0x00000000eab00000,0x00000000ec400000,0x00000000ec400000)
  from space 9216K, 97% used [0x00000000ed200000,0x00000000edacc380,0x00000000edb00000)
  to   space 10752K, 0% used [0x00000000ec600000,0x00000000ec600000,0x00000000ed080000)
 ParOldGen       total 326656K, used 315573K [0x00000000c0000000, 0x00000000d3f00000, 0x00000000eab00000)
  object space 326656K, 96% used [0x00000000c0000000,0x00000000d342d508,0x00000000d3f00000)
 Metaspace       used 65541K, committed 66496K, reserved 1114112K
  class space    used 7057K, committed 7488K, reserved 1048576K
}
Event: 30.381 GC heap after
{Heap after GC invocations=168 (full 11):
 PSYoungGen      total 38400K, used 10744K [0x00000000eab00000, 0x00000000eef00000, 0x0000000100000000)
  eden space 27648K, 0% used [0x00000000eab00000,0x00000000eab00000,0x00000000ec600000)
  from space 10752K, 99% used [0x00000000ec600000,0x00000000ed07e358,0x00000000ed080000)
  to   space 20992K, 0% used [0x00000000eda80000,0x00000000eda80000,0x00000000eef00000)
 ParOldGen       total 326656K, used 323693K [0x00000000c0000000, 0x00000000d3f00000, 0x00000000eab00000)
  object space 326656K, 99% used [0x00000000c0000000,0x00000000d3c1b628,0x00000000d3f00000)
 Metaspace       used 65541K, committed 66496K, reserved 1114112K
  class space    used 7057K, committed 7488K, reserved 1048576K
}
Event: 30.381 GC heap before
{Heap before GC invocations=169 (full 12):
 PSYoungGen      total 38400K, used 10744K [0x00000000eab00000, 0x00000000eef00000, 0x0000000100000000)
  eden space 27648K, 0% used [0x00000000eab00000,0x00000000eab00000,0x00000000ec600000)
  from space 10752K, 99% used [0x00000000ec600000,0x00000000ed07e358,0x00000000ed080000)
  to   space 20992K, 0% used [0x00000000eda80000,0x00000000eda80000,0x00000000eef00000)
 ParOldGen       total 326656K, used 323693K [0x00000000c0000000, 0x00000000d3f00000, 0x00000000eab00000)
  object space 326656K, 99% used [0x00000000c0000000,0x00000000d3c1b628,0x00000000d3f00000)
 Metaspace       used 65541K, committed 66496K, reserved 1114112K
  class space    used 7057K, committed 7488K, reserved 1048576K
}
Event: 30.603 GC heap after
{Heap after GC invocations=169 (full 12):
 PSYoungGen      total 38400K, used 6552K [0x00000000eab00000, 0x00000000ef100000, 0x0000000100000000)
  eden space 27648K, 0% used [0x00000000eab00000,0x00000000eab00000,0x00000000ec600000)
  from space 10752K, 60% used [0x00000000ec600000,0x00000000ecc66190,0x00000000ed080000)
  to   space 20992K, 0% used [0x00000000edc80000,0x00000000edc80000,0x00000000ef100000)
 ParOldGen       total 389120K, used 326478K [0x00000000c0000000, 0x00000000d7c00000, 0x00000000eab00000)
  object space 389120K, 83% used [0x00000000c0000000,0x00000000d3ed3a88,0x00000000d7c00000)
 Metaspace       used 65541K, committed 66496K, reserved 1114112K
  class space    used 7057K, committed 7488K, reserved 1048576K
}
Event: 31.022 GC heap before
{Heap before GC invocations=170 (full 12):
 PSYoungGen      total 38400K, used 34200K [0x00000000eab00000, 0x00000000ef100000, 0x0000000100000000)
  eden space 27648K, 100% used [0x00000000eab00000,0x00000000ec600000,0x00000000ec600000)
  from space 10752K, 60% used [0x00000000ec600000,0x00000000ecc66190,0x00000000ed080000)
  to   space 20992K, 0% used [0x00000000edc80000,0x00000000edc80000,0x00000000ef100000)
 ParOldGen       total 389120K, used 326478K [0x00000000c0000000, 0x00000000d7c00000, 0x00000000eab00000)
  object space 389120K, 83% used [0x00000000c0000000,0x00000000d3ed3a88,0x00000000d7c00000)
 Metaspace       used 65558K, committed 66496K, reserved 1114112K
  class space    used 7058K, committed 7488K, reserved 1048576K
}
Event: 31.061 GC heap after
{Heap after GC invocations=170 (full 12):
 PSYoungGen      total 41984K, used 11934K [0x00000000eab00000, 0x00000000ee880000, 0x0000000100000000)
  eden space 29696K, 0% used [0x00000000eab00000,0x00000000eab00000,0x00000000ec800000)
  from space 12288K, 97% used [0x00000000edc80000,0x00000000ee8279d8,0x00000000ee880000)
  to   space 14848K, 0% used [0x00000000ecb80000,0x00000000ecb80000,0x00000000eda00000)
 ParOldGen       total 389120K, used 333070K [0x00000000c0000000, 0x00000000d7c00000, 0x00000000eab00000)
  object space 389120K, 85% used [0x00000000c0000000,0x00000000d4543b50,0x00000000d7c00000)
 Metaspace       used 65558K, committed 66496K, reserved 1114112K
  class space    used 7058K, committed 7488K, reserved 1048576K
}
Event: 31.971 GC heap before
{Heap before GC invocations=171 (full 12):
 PSYoungGen      total 41984K, used 40857K [0x00000000eab00000, 0x00000000ee880000, 0x0000000100000000)
  eden space 29696K, 97% used [0x00000000eab00000,0x00000000ec73eb58,0x00000000ec800000)
  from space 12288K, 97% used [0x00000000edc80000,0x00000000ee8279d8,0x00000000ee880000)
  to   space 14848K, 0% used [0x00000000ecb80000,0x00000000ecb80000,0x00000000eda00000)
 ParOldGen       total 389120K, used 333070K [0x00000000c0000000, 0x00000000d7c00000, 0x00000000eab00000)
  object space 389120K, 85% used [0x00000000c0000000,0x00000000d4543b50,0x00000000d7c00000)
 Metaspace       used 65631K, committed 66560K, reserved 1114112K
  class space    used 7060K, committed 7488K, reserved 1048576K
}
Event: 32.002 GC heap after
{Heap after GC invocations=171 (full 12):
 PSYoungGen      total 46592K, used 14823K [0x00000000eab00000, 0x00000000f0c00000, 0x0000000100000000)
  eden space 31744K, 0% used [0x00000000eab00000,0x00000000eab00000,0x00000000eca00000)
  from space 14848K, 99% used [0x00000000ecb80000,0x00000000ed9f9cb0,0x00000000eda00000)
  to   space 33792K, 0% used [0x00000000eeb00000,0x00000000eeb00000,0x00000000f0c00000)
 ParOldGen       total 389120K, used 348426K [0x00000000c0000000, 0x00000000d7c00000, 0x00000000eab00000)
  object space 389120K, 89% used [0x00000000c0000000,0x00000000d5442898,0x00000000d7c00000)
 Metaspace       used 65631K, committed 66560K, reserved 1114112K
  class space    used 7060K, committed 7488K, reserved 1048576K
}
Event: 32.971 GC heap before
{Heap before GC invocations=172 (full 12):
 PSYoungGen      total 46592K, used 46567K [0x00000000eab00000, 0x00000000f0c00000, 0x0000000100000000)
  eden space 31744K, 100% used [0x00000000eab00000,0x00000000eca00000,0x00000000eca00000)
  from space 14848K, 99% used [0x00000000ecb80000,0x00000000ed9f9cb0,0x00000000eda00000)
  to   space 33792K, 0% used [0x00000000eeb00000,0x00000000eeb00000,0x00000000f0c00000)
 ParOldGen       total 389120K, used 348426K [0x00000000c0000000, 0x00000000d7c00000, 0x00000000eab00000)
  object space 389120K, 89% used [0x00000000c0000000,0x00000000d5442898,0x00000000d7c00000)
 Metaspace       used 65656K, committed 66688K, reserved 1114112K
  class space    used 7060K, committed 7488K, reserved 1048576K
}
Event: 33.017 GC heap after
{Heap after GC invocations=172 (full 12):
 PSYoungGen      total 59392K, used 25146K [0x00000000eab00000, 0x00000000f0400000, 0x0000000100000000)
  eden space 33792K, 0% used [0x00000000eab00000,0x00000000eab00000,0x00000000ecc00000)
  from space 25600K, 98% used [0x00000000eeb00000,0x00000000f038ea78,0x00000000f0400000)
  to   space 27136K, 0% used [0x00000000ecf00000,0x00000000ecf00000,0x00000000ee980000)
 ParOldGen       total 389120K, used 355804K [0x00000000c0000000, 0x00000000d7c00000, 0x00000000eab00000)
  object space 389120K, 91% used [0x00000000c0000000,0x00000000d5b77188,0x00000000d7c00000)
 Metaspace       used 65656K, committed 66688K, reserved 1114112K
  class space    used 7060K, committed 7488K, reserved 1048576K
}
Event: 34.165 GC heap before
{Heap before GC invocations=173 (full 12):
 PSYoungGen      total 59392K, used 58938K [0x00000000eab00000, 0x00000000f0400000, 0x0000000100000000)
  eden space 33792K, 100% used [0x00000000eab00000,0x00000000ecc00000,0x00000000ecc00000)
  from space 25600K, 98% used [0x00000000eeb00000,0x00000000f038ea78,0x00000000f0400000)
  to   space 27136K, 0% used [0x00000000ecf00000,0x00000000ecf00000,0x00000000ee980000)
 ParOldGen       total 389120K, used 355804K [0x00000000c0000000, 0x00000000d7c00000, 0x00000000eab00000)
  object space 389120K, 91% used [0x00000000c0000000,0x00000000d5b77188,0x00000000d7c00000)
 Metaspace       used 65702K, committed 66688K, reserved 1114112K
  class space    used 7065K, committed 7488K, reserved 1048576K
}
Event: 34.201 GC heap after
{Heap after GC invocations=173 (full 12):
 PSYoungGen      total 62976K, used 27109K [0x00000000eab00000, 0x00000000f1600000, 0x0000000100000000)
  eden space 35840K, 0% used [0x00000000eab00000,0x00000000eab00000,0x00000000ece00000)
  from space 27136K, 99% used [0x00000000ecf00000,0x00000000ee979480,0x00000000ee980000)
  to   space 36864K, 0% used [0x00000000ef200000,0x00000000ef200000,0x00000000f1600000)
 ParOldGen       total 389120K, used 363572K [0x00000000c0000000, 0x00000000d7c00000, 0x00000000eab00000)
  object space 389120K, 93% used [0x00000000c0000000,0x00000000d630d0e0,0x00000000d7c00000)
 Metaspace       used 65702K, committed 66688K, reserved 1114112K
  class space    used 7065K, committed 7488K, reserved 1048576K
}
Event: 74.113 GC heap before
{Heap before GC invocations=174 (full 12):
 PSYoungGen      total 62976K, used 62949K [0x00000000eab00000, 0x00000000f1600000, 0x0000000100000000)
  eden space 35840K, 100% used [0x00000000eab00000,0x00000000ece00000,0x00000000ece00000)
  from space 27136K, 99% used [0x00000000ecf00000,0x00000000ee979480,0x00000000ee980000)
  to   space 36864K, 0% used [0x00000000ef200000,0x00000000ef200000,0x00000000f1600000)
 ParOldGen       total 389120K, used 363572K [0x00000000c0000000, 0x00000000d7c00000, 0x00000000eab00000)
  object space 389120K, 93% used [0x00000000c0000000,0x00000000d630d0e0,0x00000000d7c00000)
 Metaspace       used 66025K, committed 67008K, reserved 1114112K
  class space    used 7083K, committed 7488K, reserved 1048576K
}
Event: 74.137 GC heap after
{Heap after GC invocations=174 (full 12):
 PSYoungGen      total 41472K, used 6048K [0x00000000eab00000, 0x00000000ef800000, 0x0000000100000000)
  eden space 35328K, 0% used [0x00000000eab00000,0x00000000eab00000,0x00000000ecd80000)
  from space 6144K, 98% used [0x00000000ef200000,0x00000000ef7e8018,0x00000000ef800000)
  to   space 16896K, 0% used [0x00000000ed700000,0x00000000ed700000,0x00000000ee780000)
 ParOldGen       total 389120K, used 385468K [0x00000000c0000000, 0x00000000d7c00000, 0x00000000eab00000)
  object space 389120K, 99% used [0x00000000c0000000,0x00000000d786f1a8,0x00000000d7c00000)
 Metaspace       used 66025K, committed 67008K, reserved 1114112K
  class space    used 7083K, committed 7488K, reserved 1048576K
}
Event: 74.137 GC heap before
{Heap before GC invocations=175 (full 13):
 PSYoungGen      total 41472K, used 6048K [0x00000000eab00000, 0x00000000ef800000, 0x0000000100000000)
  eden space 35328K, 0% used [0x00000000eab00000,0x00000000eab00000,0x00000000ecd80000)
  from space 6144K, 98% used [0x00000000ef200000,0x00000000ef7e8018,0x00000000ef800000)
  to   space 16896K, 0% used [0x00000000ed700000,0x00000000ed700000,0x00000000ee780000)
 ParOldGen       total 389120K, used 385468K [0x00000000c0000000, 0x00000000d7c00000, 0x00000000eab00000)
  object space 389120K, 99% used [0x00000000c0000000,0x00000000d786f1a8,0x00000000d7c00000)
 Metaspace       used 66025K, committed 67008K, reserved 1114112K
  class space    used 7083K, committed 7488K, reserved 1048576K
}
Event: 74.344 GC heap after
{Heap after GC invocations=175 (full 13):
 PSYoungGen      total 35328K, used 0K [0x00000000eab00000, 0x00000000ef280000, 0x0000000100000000)
  eden space 34816K, 0% used [0x00000000eab00000,0x00000000eab00000,0x00000000ecd00000)
  from space 512K, 0% used [0x00000000ed700000,0x00000000ed700000,0x00000000ed780000)
  to   space 16896K, 0% used [0x00000000ee200000,0x00000000ee200000,0x00000000ef280000)
 ParOldGen       total 293376K, used 215943K [0x00000000c0000000, 0x00000000d1e80000, 0x00000000eab00000)
  object space 293376K, 73% used [0x00000000c0000000,0x00000000cd2e1e40,0x00000000d1e80000)
 Metaspace       used 65580K, committed 66880K, reserved 1114112K
  class space    used 7035K, committed 7488K, reserved 1048576K
}

